<?xml version="1.0" encoding="UTF-8"?>
<testng-results skipped="0" failed="0" total="2" passed="2">
  <reporter-output>
  </reporter-output>
  <suite name="Default suite" duration-ms="27736" started-at="2018-05-04T03:22:01Z" finished-at="2018-05-04T03:22:28Z">
    <groups>
    </groups>
    <test name="Default test" duration-ms="27736" started-at="2018-05-04T03:22:01Z" finished-at="2018-05-04T03:22:28Z">
      <class name="com.DataDriven.NewUserRegistration">
        <test-method status="PASS" signature="setUp()[pri:0, instance:com.DataDriven.NewUserRegistration@6d78f375]" name="setUp" is-config="true" duration-ms="13470" started-at="2018-05-03T23:22:01Z" finished-at="2018-05-03T23:22:14Z">
          <reporter-output>
          </reporter-output>
        </test-method> <!-- setUp -->
        <test-method status="PASS" signature="Register()[pri:1, instance:com.DataDriven.NewUserRegistration@6d78f375]" name="Register" duration-ms="932" started-at="2018-05-03T23:22:14Z" finished-at="2018-05-03T23:22:15Z">
          <reporter-output>
          </reporter-output>
        </test-method> <!-- Register -->
        <test-method status="PASS" signature="UserRegistration()[pri:2, instance:com.DataDriven.NewUserRegistration@6d78f375]" name="UserRegistration" duration-ms="13239" started-at="2018-05-03T23:22:15Z" finished-at="2018-05-03T23:22:28Z">
          <reporter-output>
          </reporter-output>
        </test-method> <!-- UserRegistration -->
        <test-method status="PASS" signature="tearDown()[pri:0, instance:com.DataDriven.NewUserRegistration@6d78f375]" name="tearDown" is-config="true" duration-ms="59" started-at="2018-05-03T23:22:28Z" finished-at="2018-05-03T23:22:28Z">
          <reporter-output>
          </reporter-output>
        </test-method> <!-- tearDown -->
      </class> <!-- com.DataDriven.NewUserRegistration -->
    </test> <!-- Default test -->
  </suite> <!-- Default suite -->
</testng-results>
