<?xml version="1.0" encoding="UTF-8"?>
<!-- Generated by org.testng.reporters.JUnitXMLReporter -->
<testsuite hostname="LAPTOP-SR5PR87O" name="NewTours_NewUserCreation" tests="2" failures="0" timestamp="11 May 2018 17:17:07 GMT" time="30.33" errors="0">
  <testcase name="Register" time="0.872" classname="com.DataDriven.NewTours_NewUserRegistration_TestData"/>
  <testcase name="UserRegistration" time="16.218" classname="com.DataDriven.NewTours_NewUserRegistration_TestData"/>
</testsuite> <!-- NewTours_NewUserCreation -->
